PLINK v2.0.0-a.7 64-bit (19 Oct 2025)
Options in effect:
  --chr 22
  --from-bp 49500000
  --keep-if SuperPop == EUR
  --maf 0.01
  --out chr22_49500_49750_EUR
  --pfile 1kgp3_maf05
  --r2-unphased square
  --to-bp 49750000

Hostname: Silpas-Laptop.local
Working directory: /Users/silpasoninallacheruvu/Documents/GitHub/5BD002/gwas_exercises
Start time: Wed Oct 22 11:46:38 2025

Random number seed: 1761126398
16384 MiB RAM detected; reserving 8192 MiB for main workspace.
Using up to 8 compute threads.
2490 samples (1262 females, 1227 males, 1 ambiguous; 2489 founders) loaded from
1kgp3_maf05.psam.
97213 out of 6864317 variants loaded from 1kgp3_maf05.pvar.
2 categorical phenotypes loaded.
--keep-if: 1987 samples removed.
503 samples (263 females, 240 males; 503 founders) remaining after main
filters.
Calculating allele frequencies... done.
144 variants removed due to allele frequency threshold(s)
(--maf/--max-maf/--mac/--max-mac).
1425 variants remaining after main filters.
--r2-unphased: Variant IDs written to chr22_49500_49750_EUR.unphased.vcor2.vars
.
--r2-unphased: Matrix written to chr22_49500_49750_EUR.unphased.vcor2 .

End time: Wed Oct 22 11:46:38 2025
