PLINK v2.0.0-a.7 64-bit (19 Oct 2025)
Options in effect:
  --extract pruned_snps.prune.in
  --out pca_results
  --pca 20 approx
  --pfile 1kgp3_maf05

Hostname: Silpas-Laptop.local
Working directory: /Users/silpasoninallacheruvu/Documents/GitHub/5BD002/gwas_exercises
Start time: Wed Oct 22 11:57:47 2025

Random number seed: 1761127067
16384 MiB RAM detected; reserving 8192 MiB for main workspace.
Using up to 8 compute threads.
2490 samples (1262 females, 1227 males, 1 ambiguous; 2489 founders) loaded from
1kgp3_maf05.psam.
6864317 variants loaded from 1kgp3_maf05.pvar.
2 categorical phenotypes loaded.
--extract: 119635 variants remaining.
Calculating allele frequencies... done.
119635 variants remaining after main filters.
Warning: "--pca approx" is only recommended for analysis of >5000 samples.
Computing SVD of Krylov matrix... done.
Recovering top PCs from range approximation... done.
--pca approx: Eigenvectors written to pca_results.eigenvec , and eigenvalues
written to pca_results.eigenval .

End time: Wed Oct 22 11:59:37 2025
