PLINK v2.0.0-a.7 64-bit (19 Oct 2025)
Options in effect:
  --bfile ALZ_sample
  --clump cols=-sp2,+bounds,-bins ALZ_GWAS_adj.PHENO1.glm.logistic.hybrid
  --clump-kb 500
  --clump-p1 1e-5
  --clump-p2 0.01
  --clump-r2 0.1
  --out ALZ_assoc_adj.PHENO1.glm
  --silent

Hostname: Silpas-Laptop.local
Working directory: /Users/silpasoninallacheruvu/Documents/GitHub/5BD002/gwas_omics_assessment/ALZ
Start time: Wed Oct 29 14:24:31 2025

Random number seed: 1761744271
16384 MiB RAM detected; reserving 8192 MiB for main workspace.
Using up to 8 compute threads.
10000 samples (0 females, 0 males, 10000 ambiguous; 10000 founders) loaded from
ALZ_sample.fam.
795124 variants loaded from ALZ_sample.bim.
1 binary phenotype loaded (5000 cases, 5000 controls).
--clump: 23 clumps formed from 69 index candidates.
Results written to ALZ_assoc_adj.PHENO1.glm.clumps .

End time: Wed Oct 29 14:24:32 2025
